自動ログ メッセージ スタック開始: 反復 1。	[MsgId: MMSG-10545]
t=00011091ms: ** 5: RED  をクリック ** が開始しました。    [MsgId: MMSG-205180]	[MsgId: MMSG-205180]
t=00011767ms: ** 5: RED  をクリック ** が正常に完了しました。 終了イベントは 'ステップ同期ネットワークが完了しました'    [MsgId: MMSG-205180]	[MsgId: MMSG-205180]
t=00012269ms: ** 6: Plus  をクリック ** が開始しました。    [MsgId: MMSG-205180]	[MsgId: MMSG-205180]
t=00012495ms: ** 6: Plus  をクリック ** が正常に完了しました。 終了イベントは 'アクションが完了しました'    [MsgId: MMSG-205180]	[MsgId: MMSG-205180]
t=00013043ms: ** 7: ADD TO CART ボタン をクリック ** が開始しました。    [MsgId: MMSG-205180]	[MsgId: MMSG-205180]
t=00013399ms: ** 7: ADD TO CART ボタン をクリック ** が正常に完了しました。 終了イベントは 'ステップ同期ネットワークが完了しました'    [MsgId: MMSG-205180]	[MsgId: MMSG-205180]
t=00013936ms: ** 9: element (2)  をクリック ** が開始しました。    [MsgId: MMSG-205180]	[MsgId: MMSG-205180]
t=00194007ms: Error -205177: ** 9: element (2)  をクリック ** timed out       Snapshot Info [MSH 1 0]    [MsgId: MERR-205177]	[MsgId: MERR-205177]
自動ログ メッセージ スタック終了。	[MsgId: MMSG-10544]


自動ログ メッセージ スタック開始: 反復 1。	[MsgId: MMSG-10545]
t=00013955ms: ** 5: RED  をクリック ** が開始しました。    [MsgId: MMSG-205180]	[MsgId: MMSG-205180]
t=00014554ms: ** 5: RED  をクリック ** が正常に完了しました。 終了イベントは 'ステップ同期ネットワークが完了しました'    [MsgId: MMSG-205180]	[MsgId: MMSG-205180]
t=00015066ms: ** 6: Plus  をクリック ** が開始しました。    [MsgId: MMSG-205180]	[MsgId: MMSG-205180]
t=00015290ms: ** 6: Plus  をクリック ** が正常に完了しました。 終了イベントは 'アクションが完了しました'    [MsgId: MMSG-205180]	[MsgId: MMSG-205180]
t=00015827ms: ** 7: ADD TO CART ボタン をクリック ** が開始しました。    [MsgId: MMSG-205180]	[MsgId: MMSG-205180]
t=00016193ms: ** 7: ADD TO CART ボタン をクリック ** が正常に完了しました。 終了イベントは 'ステップ同期ネットワークが完了しました'    [MsgId: MMSG-205180]	[MsgId: MMSG-205180]
t=00016707ms: ** 9: element (2)  をクリック ** が開始しました。    [MsgId: MMSG-205180]	[MsgId: MMSG-205180]
t=00196803ms: Error -205177: ** 9: element (2)  をクリック ** timed out       Snapshot Info [MSH 1 0]    [MsgId: MERR-205177]	[MsgId: MERR-205177]
自動ログ メッセージ スタック終了。	[MsgId: MMSG-10544]


自動ログ メッセージ スタック開始: 反復 1。	[MsgId: MMSG-10545]
t=00016024ms: ** 5: RED  をクリック ** が開始しました。    [MsgId: MMSG-205180]	[MsgId: MMSG-205180]
t=00016554ms: ** 5: RED  をクリック ** が正常に完了しました。 終了イベントは 'ステップ同期ネットワークが完了しました'    [MsgId: MMSG-205180]	[MsgId: MMSG-205180]
t=00017085ms: ** 6: Plus  をクリック ** が開始しました。    [MsgId: MMSG-205180]	[MsgId: MMSG-205180]
t=00017287ms: ** 6: Plus  をクリック ** が正常に完了しました。 終了イベントは 'アクションが完了しました'    [MsgId: MMSG-205180]	[MsgId: MMSG-205180]
t=00017801ms: ** 7: ADD TO CART ボタン をクリック ** が開始しました。    [MsgId: MMSG-205180]	[MsgId: MMSG-205180]
t=00018191ms: ** 7: ADD TO CART ボタン をクリック ** が正常に完了しました。 終了イベントは 'ステップ同期ネットワークが完了しました'    [MsgId: MMSG-205180]	[MsgId: MMSG-205180]
t=00018708ms: ** 9: element (2)  をクリック ** が開始しました。    [MsgId: MMSG-205180]	[MsgId: MMSG-205180]
t=00198802ms: Error -205177: ** 9: element (2)  をクリック ** timed out       Snapshot Info [MSH 1 0]    [MsgId: MERR-205177]	[MsgId: MERR-205177]
自動ログ メッセージ スタック終了。	[MsgId: MMSG-10544]


自動ログ メッセージ スタック開始: 反復 1。	[MsgId: MMSG-10545]
t=00017245ms: ** 5: RED  をクリック ** が開始しました。    [MsgId: MMSG-205180]	[MsgId: MMSG-205180]
t=00017928ms: ** 5: RED  をクリック ** が正常に完了しました。 終了イベントは 'ステップ同期ネットワークが完了しました'    [MsgId: MMSG-205180]	[MsgId: MMSG-205180]
t=00018452ms: ** 6: Plus  をクリック ** が開始しました。    [MsgId: MMSG-205180]	[MsgId: MMSG-205180]
t=00018663ms: ** 6: Plus  をクリック ** が正常に完了しました。 終了イベントは 'アクションが完了しました'    [MsgId: MMSG-205180]	[MsgId: MMSG-205180]
t=00019203ms: ** 7: ADD TO CART ボタン をクリック ** が開始しました。    [MsgId: MMSG-205180]	[MsgId: MMSG-205180]
t=00019569ms: ** 7: ADD TO CART ボタン をクリック ** が正常に完了しました。 終了イベントは 'ステップ同期ネットワークが完了しました'    [MsgId: MMSG-205180]	[MsgId: MMSG-205180]
t=00020082ms: ** 9: element (2)  をクリック ** が開始しました。    [MsgId: MMSG-205180]	[MsgId: MMSG-205180]
t=00200176ms: Error -205177: ** 9: element (2)  をクリック ** timed out       Snapshot Info [MSH 1 0]    [MsgId: MERR-205177]	[MsgId: MERR-205177]
自動ログ メッセージ スタック終了。	[MsgId: MMSG-10544]


自動ログ メッセージ スタック開始: 反復 1。	[MsgId: MMSG-10545]
t=00020520ms: ** 5: RED  をクリック ** が開始しました。    [MsgId: MMSG-205180]	[MsgId: MMSG-205180]
t=00021066ms: ** 5: RED  をクリック ** が正常に完了しました。 終了イベントは 'ステップ同期ネットワークが完了しました'    [MsgId: MMSG-205180]	[MsgId: MMSG-205180]
t=00021582ms: ** 6: Plus  をクリック ** が開始しました。    [MsgId: MMSG-205180]	[MsgId: MMSG-205180]
t=00021800ms: ** 6: Plus  をクリック ** が正常に完了しました。 終了イベントは 'アクションが完了しました'    [MsgId: MMSG-205180]	[MsgId: MMSG-205180]
t=00022316ms: ** 7: ADD TO CART ボタン をクリック ** が開始しました。    [MsgId: MMSG-205180]	[MsgId: MMSG-205180]
t=00022707ms: ** 7: ADD TO CART ボタン をクリック ** が正常に完了しました。 終了イベントは 'ステップ同期ネットワークが完了しました'    [MsgId: MMSG-205180]	[MsgId: MMSG-205180]
t=00023222ms: ** 9: element (2)  をクリック ** が開始しました。    [MsgId: MMSG-205180]	[MsgId: MMSG-205180]
t=00203317ms: Error -205177: ** 9: element (2)  をクリック ** timed out       Snapshot Info [MSH 1 0]    [MsgId: MERR-205177]	[MsgId: MERR-205177]
自動ログ メッセージ スタック終了。	[MsgId: MMSG-10544]


