仮想ユーザ スクリプトを : 2016-09-01 23:21:51 で開始しました。
TruClient がビルド 1203. OS: Windows 2012 R2, Browser: Firefox, 2016/09/01 に 23:21:48 (0000.000s)
 で初期化のLoadRunner 12.53.0 に再生しました。
仮想ユーザを実行しています...
反復 1 を開始します。
t=00004099ms: ** 1: "http://www.advantageonlineshopping.com/" に移動 ** が開始しました。    [MsgId: MMSG-205180]
t=00007630ms: ** 1: http://www.advantageonlineshopping.com/ に移動 ** が正常に完了しました。 終了イベントは 'ステップ同期ネットワークが完了しました'    [MsgId: MMSG-205180]
t=00008145ms: ** 2: LAPTOPS Shop Now  をクリック ** が開始しました。    [MsgId: MMSG-205180]
t=00009231ms: ** 2: LAPTOPS Shop Now  をクリック ** が正常に完了しました。 終了イベントは 'タイマが終了しました'    [MsgId: MMSG-205180]
t=00009737ms: ** 4: image (1) 画像 をクリック ** が開始しました。    [MsgId: MMSG-205180]
t=00011923ms: ** 4: image (1) 画像 をクリック ** が正常に完了しました。 終了イベントは 'ステップ同期ネットワークが完了しました'    [MsgId: MMSG-205180]
t=00012454ms: ** 5: RED  をクリック ** が開始しました。    [MsgId: MMSG-205180]
t=00012872ms: ** 5: RED  をクリック ** が正常に完了しました。 終了イベントは 'ステップ同期ネットワークが完了しました'    [MsgId: MMSG-205180]
t=00013382ms: ** 6: Plus  をクリック ** が開始しました。    [MsgId: MMSG-205180]
t=00013812ms: ** 6: Plus  をクリック ** が正常に完了しました。 終了イベントは 'アクションが完了しました'    [MsgId: MMSG-205180]
t=00014323ms: ** 7: ADD TO CART ボタン をクリック ** が開始しました。    [MsgId: MMSG-205180]
t=00014629ms: ** 7: ADD TO CART ボタン をクリック ** が正常に完了しました。 終了イベントは 'ステップ同期ネットワークが完了しました'    [MsgId: MMSG-205180]
t=00015140ms: ** 9: element (2)  をクリック ** が開始しました。    [MsgId: MMSG-205180]
t=00015753ms: ** 9: element (2)  をクリック ** が正常に完了しました。 終了イベントは 'タイマが終了しました'    [MsgId: MMSG-205180]
t=00016261ms: ** 11: HOME リンク をクリック ** が開始しました。    [MsgId: MMSG-205180]
t=00016618ms: ** 11: HOME リンク をクリック ** が正常に完了しました。 終了イベントは 'ステップ同期ネットワークが完了しました'    [MsgId: MMSG-205180]
反復 1 を終了します。
仮想ユーザを終了しています...
仮想ユーザを終了しました。
